<?xml version="1.0" encoding="UTF-8"?>
<!-- Generated by org.testng.reporters.JUnitXMLReporter -->
<testsuite ignored="0" hostname="LAPTOP-QAQULMI6" failures="0" tests="3" name="Default test" time="55.877" errors="0" timestamp="2026-03-15T22:29:52 IST">
  <testcase classname="SeleniumAutomation.SubmitOrderTest" name="submitOrder" time="15.56"/>
  <testcase classname="SeleniumAutomation.SubmitOrderTest" name="submitOrder" time="19.187"/>
  <testcase classname="SeleniumAutomation.SubmitOrderTest" name="OrderHistory" time="1.378"/>
</testsuite> <!-- Default test -->
