<?xml version="1.0" encoding="UTF-8"?>
<!-- Generated by org.testng.reporters.JUnitXMLReporter -->
<testsuite ignored="0" hostname="LAPTOP-QAQULMI6" failures="0" tests="2" name="Error Validation" time="23.289" errors="0" timestamp="2026-03-21T23:44:43 IST">
  <testcase classname="SeleniumAutomation.ErrorValidationTest" name="LoginErrorValidation" time="0.41"/>
  <testcase classname="SeleniumAutomation.ErrorValidationTest" name="ProductErrorValidation" time="13.667"/>
</testsuite> <!-- Error Validation -->
