<?xml version="1.0" encoding="UTF-8"?>
<testng-results ignored="0" total="4" passed="4" failed="0" skipped="0">
  <reporter-output>
  </reporter-output>
  <suite started-at="2026-03-21T23:43:42 IST" name="Suite" finished-at="2026-03-21T23:44:43 IST" duration-ms="60572">
    <groups>
      <group name="ErrorHandling">
        <method signature="ErrorValidationTest.LoginErrorValidation()[pri:0, instance:SeleniumAutomation.ErrorValidationTest@aba625]" name="LoginErrorValidation" class="SeleniumAutomation.ErrorValidationTest"/>
      </group> <!-- ErrorHandling -->
      <group name="testng">
        <method signature="SubmitOrderTest.submitOrder(java.util.HashMap)[pri:0, instance:SeleniumAutomation.SubmitOrderTest@76494737]" name="submitOrder" class="SeleniumAutomation.SubmitOrderTest"/>
      </group> <!-- testng -->
    </groups>
    <test started-at="2026-03-21T23:43:42 IST" name="Submit Order Test" finished-at="2026-03-21T23:44:19 IST" duration-ms="36910">
      <class name="SeleniumAutomation.SubmitOrderTest">
        <test-method is-config="true" signature="launchApplication()[pri:0, instance:SeleniumAutomation.SubmitOrderTest@76494737]" started-at="2026-03-21T23:43:43 IST" name="launchApplication" finished-at="2026-03-21T23:43:47 IST" duration-ms="4620" status="PASS">
          <reporter-output>
          </reporter-output>
        </test-method> <!-- launchApplication -->
        <test-method signature="submitOrder(java.util.HashMap)[pri:0, instance:SeleniumAutomation.SubmitOrderTest@76494737]" started-at="2026-03-21T23:43:47 IST" name="submitOrder" data-provider="getData" finished-at="2026-03-21T23:44:02 IST" duration-ms="14858" status="PASS">
          <params>
            <param index="0">
              <value>
                <![CDATA[{password=Reema@1906, product=ZARA COAT 3, email=reemaiswalkar@gmail.com}]]>
              </value>
            </param>
          </params>
          <reporter-output>
          </reporter-output>
        </test-method> <!-- submitOrder -->
        <test-method is-config="true" signature="teardown()[pri:0, instance:SeleniumAutomation.SubmitOrderTest@76494737]" started-at="2026-03-21T23:44:02 IST" name="teardown" finished-at="2026-03-21T23:44:02 IST" duration-ms="298" status="PASS">
          <reporter-output>
          </reporter-output>
        </test-method> <!-- teardown -->
        <test-method is-config="true" signature="launchApplication()[pri:0, instance:SeleniumAutomation.SubmitOrderTest@76494737]" started-at="2026-03-21T23:44:02 IST" name="launchApplication" finished-at="2026-03-21T23:44:04 IST" duration-ms="1801" status="PASS">
          <reporter-output>
          </reporter-output>
        </test-method> <!-- launchApplication -->
        <test-method signature="submitOrder(java.util.HashMap)[pri:0, instance:SeleniumAutomation.SubmitOrderTest@76494737]" started-at="2026-03-21T23:44:04 IST" name="submitOrder" data-provider="getData" finished-at="2026-03-21T23:44:19 IST" duration-ms="14793" status="PASS">
          <params>
            <param index="0">
              <value>
                <![CDATA[{password=Reema@1994, product=ADIDAS ORIGINAL, email=reema123@gmail.com}]]>
              </value>
            </param>
          </params>
          <reporter-output>
          </reporter-output>
        </test-method> <!-- submitOrder -->
        <test-method is-config="true" signature="teardown()[pri:0, instance:SeleniumAutomation.SubmitOrderTest@76494737]" started-at="2026-03-21T23:44:19 IST" name="teardown" finished-at="2026-03-21T23:44:19 IST" duration-ms="235" status="PASS">
          <reporter-output>
          </reporter-output>
        </test-method> <!-- teardown -->
      </class> <!-- SeleniumAutomation.SubmitOrderTest -->
    </test> <!-- Submit Order Test -->
    <test started-at="2026-03-21T23:44:20 IST" name="Error Validation" finished-at="2026-03-21T23:44:43 IST" duration-ms="23289">
      <class name="SeleniumAutomation.ErrorValidationTest">
        <test-method is-config="true" signature="launchApplication()[pri:0, instance:SeleniumAutomation.ErrorValidationTest@aba625]" started-at="2026-03-21T23:44:20 IST" name="launchApplication" finished-at="2026-03-21T23:44:23 IST" duration-ms="3931" status="PASS">
          <reporter-output>
          </reporter-output>
        </test-method> <!-- launchApplication -->
        <test-method signature="LoginErrorValidation()[pri:0, instance:SeleniumAutomation.ErrorValidationTest@aba625]" started-at="2026-03-21T23:44:23 IST" name="LoginErrorValidation" finished-at="2026-03-21T23:44:24 IST" duration-ms="410" status="PASS">
          <reporter-output>
          </reporter-output>
        </test-method> <!-- LoginErrorValidation -->
        <test-method is-config="true" signature="teardown()[pri:0, instance:SeleniumAutomation.ErrorValidationTest@aba625]" started-at="2026-03-21T23:44:24 IST" name="teardown" finished-at="2026-03-21T23:44:24 IST" duration-ms="216" status="PASS">
          <reporter-output>
          </reporter-output>
        </test-method> <!-- teardown -->
        <test-method is-config="true" signature="launchApplication()[pri:0, instance:SeleniumAutomation.ErrorValidationTest@aba625]" started-at="2026-03-21T23:44:24 IST" name="launchApplication" finished-at="2026-03-21T23:44:27 IST" duration-ms="3263" status="PASS">
          <reporter-output>
          </reporter-output>
        </test-method> <!-- launchApplication -->
        <test-method signature="ProductErrorValidation()[pri:0, instance:SeleniumAutomation.ErrorValidationTest@aba625]" started-at="2026-03-21T23:44:27 IST" name="ProductErrorValidation" finished-at="2026-03-21T23:44:41 IST" duration-ms="13667" status="PASS">
          <reporter-output>
          </reporter-output>
        </test-method> <!-- ProductErrorValidation -->
        <test-method is-config="true" signature="teardown()[pri:0, instance:SeleniumAutomation.ErrorValidationTest@aba625]" started-at="2026-03-21T23:44:41 IST" name="teardown" finished-at="2026-03-21T23:44:43 IST" duration-ms="1797" status="PASS">
          <reporter-output>
          </reporter-output>
        </test-method> <!-- teardown -->
      </class> <!-- SeleniumAutomation.ErrorValidationTest -->
    </test> <!-- Error Validation -->
  </suite> <!-- Suite -->
</testng-results>
