<?xml version="1.0" encoding="UTF-8"?>
<!-- Generated by org.testng.reporters.JUnitReportReporter -->
<testsuite hostname="LAPTOP-QAQULMI6" failures="0" tests="2" name="SeleniumAutomation.ErrorValidationTest" time="23.284" errors="0" timestamp="2026-03-21T23:44:43 IST" skipped="0">
  <testcase classname="SeleniumAutomation.ErrorValidationTest" name="ProductErrorValidation" time="17.814"/>
  <testcase classname="SeleniumAutomation.ErrorValidationTest" name="LoginErrorValidation" time="5.470"/>
</testsuite> <!-- SeleniumAutomation.ErrorValidationTest -->
