<?xml version="1.0" encoding="UTF-8"?>
<!-- Generated by org.testng.reporters.JUnitReportReporter -->
<testsuite hostname="LAPTOP-QAQULMI6" failures="0" tests="2" name="SeleniumAutomation.SubmitOrderTest" time="36.605" errors="0" timestamp="2026-03-21T23:44:43 IST" skipped="0">
  <testcase classname="SeleniumAutomation.SubmitOrderTest" name="submitOrder" time="16.892"/>
  <testcase classname="SeleniumAutomation.SubmitOrderTest" name="submitOrder" time="19.713"/>
</testsuite> <!-- SeleniumAutomation.SubmitOrderTest -->
